\BOOKMARK [0][-]{chapter.1}{\376\377\0001\000\040\000F\000i\000l\000e\000\040\000I\000n\000d\000e\000x}{}% 1
\BOOKMARK [1][-]{section.1.1}{\376\377\0001\000.\0001\000\040\000F\000i\000l\000e\000\040\000L\000i\000s\000t}{chapter.1}% 2
\BOOKMARK [0][-]{chapter.2}{\376\377\0002\000\040\000F\000i\000l\000e\000\040\000D\000o\000c\000u\000m\000e\000n\000t\000a\000t\000i\000o\000n}{}% 3
\BOOKMARK [1][-]{section.2.1}{\376\377\0002\000.\0001\000\040\000P\000r\000o\000j\0001\000.\000c\000p\000p\000\040\000F\000i\000l\000e\000\040\000R\000e\000f\000e\000r\000e\000n\000c\000e}{chapter.2}% 4
\BOOKMARK [2][-]{subsection.2.1.1}{\376\377\0002\000.\0001\000.\0001\000\040\000M\000a\000c\000r\000o\000\040\000D\000e\000f\000i\000n\000i\000t\000i\000o\000n\000\040\000D\000o\000c\000u\000m\000e\000n\000t\000a\000t\000i\000o\000n}{section.2.1}% 5
\BOOKMARK [3][-]{subsubsection.2.1.1.1}{\376\377\0002\000.\0001\000.\0001\000.\0001\000\040\000o\000w\000n\000e\000r}{subsection.2.1.1}% 6
\BOOKMARK [2][-]{subsection.2.1.2}{\376\377\0002\000.\0001\000.\0002\000\040\000F\000u\000n\000c\000t\000i\000o\000n\000\040\000D\000o\000c\000u\000m\000e\000n\000t\000a\000t\000i\000o\000n}{section.2.1}% 7
\BOOKMARK [3][-]{subsubsection.2.1.2.1}{\376\377\0002\000.\0001\000.\0002\000.\0001\000\040\000g\000e\000t\000\137\000a\000l\000t\000u\000r\000a\000\050\000\051}{subsection.2.1.2}% 8
\BOOKMARK [3][-]{subsubsection.2.1.2.2}{\376\377\0002\000.\0001\000.\0002\000.\0002\000\040\000p\000e\000g\000a\000r\000\040\000a\000\040\000a\000l\000t\000u\000r\000a\000\040\000e\000\040\000c\000o\000l\000o\000c\000a\000r\000\040\000n\000a\000\040\000l\000i\000s\000t\000a}{subsection.2.1.2}% 9
\BOOKMARK [3][-]{subsubsection.2.1.2.3}{\376\377\0002\000.\0001\000.\0002\000.\0003\000\040\000g\000e\000t\000\137\000c\000o\000m\000p\000r\000i\000m\000e\000n\000t\000o\000\050\000\051}{subsection.2.1.2}% 10
\BOOKMARK [3][-]{subsubsection.2.1.2.4}{\376\377\0002\000.\0001\000.\0002\000.\0004\000\040\000p\000e\000g\000a\000r\000\040\000o\000\040\000c\000o\000m\000p\000r\000i\000m\000e\000n\000t\000o\000\040\000e\000\040\000c\000o\000l\000o\000c\000a\000r\000\040\000n\000a\000\040\000l\000i\000s\000t\000a}{subsection.2.1.2}% 11
\BOOKMARK [3][-]{subsubsection.2.1.2.5}{\376\377\0002\000.\0001\000.\0002\000.\0005\000\040\000g\000e\000t\000\137\000d\000a\000t\000a\000\050\000\051}{subsection.2.1.2}% 12
\BOOKMARK [3][-]{subsubsection.2.1.2.6}{\376\377\0002\000.\0001\000.\0002\000.\0006\000\040\000p\000e\000g\000a\000r\000\040\000o\000s\000\040\000d\000a\000d\000o\000s\000\040\000e\000\040\000c\000o\000l\000o\000c\000a\000r\000\040\000n\000a\000\040\000l\000i\000s\000t\000a}{subsection.2.1.2}% 13
\BOOKMARK [3][-]{subsubsection.2.1.2.7}{\376\377\0002\000.\0001\000.\0002\000.\0007\000\040\000g\000e\000t\000\137\000n\000o\000m\000e\000\050\000\051}{subsection.2.1.2}% 14
\BOOKMARK [3][-]{subsubsection.2.1.2.8}{\376\377\0002\000.\0001\000.\0002\000.\0008\000\040\000p\000e\000g\000a\000r\000\040\000o\000s\000\040\000n\000o\000m\000e\000s\000\040\000q\000u\000e\000\040\000e\000s\000t\000\343\000o\000\040\000n\000o\000\040\000a\000r\000q\000u\000i\000v\000o\000\040\000e\000\040\000c\000o\000l\000o\000c\000a\000r\000\040\000n\000a\000\040\000l\000i\000s\000t\000a}{subsection.2.1.2}% 15
\BOOKMARK [3][-]{subsubsection.2.1.2.9}{\376\377\0002\000.\0001\000.\0002\000.\0009\000\040\000m\000a\000i\000n\000\050\000\051}{subsection.2.1.2}% 16
\BOOKMARK [2][-]{subsection.2.1.3}{\376\377\0002\000.\0001\000.\0003\000\040\000M\000A\000I\000N}{section.2.1}% 17
\BOOKMARK [3][-]{subsubsection.2.1.3.1}{\376\377\0002\000.\0001\000.\0003\000.\0001\000\040\000o\000b\000t\000e\000r\000\040\000d\000a\000d\000o\000s\000\040\000d\000o\000s\000\040\000a\000r\000q\000u\000i\000v\000o\000s}{subsection.2.1.3}% 18
\BOOKMARK [3][-]{subsubsection.2.1.3.2}{\376\377\0002\000.\0001\000.\0003\000.\0002\000\040\000m\000a\000t\000r\000i\000x\000\137\000Q\000\050\000\051}{subsection.2.1.3}% 19
\BOOKMARK [3][-]{subsubsection.2.1.3.3}{\376\377\0002\000.\0001\000.\0003\000.\0003\000\040\000r\000e\000t\000o\000r\000n\000a\000\040\000a\000\040\000q\000u\000a\000n\000t\000i\000d\000a\000d\000e\000\040\000d\000e\000\040\000e\000l\000e\000m\000e\000n\000t\000o\000s\000\040\000d\000a\000\040\000m\000a\000t\000r\000i\000z}{subsection.2.1.3}% 20
\BOOKMARK [3][-]{subsubsection.2.1.3.4}{\376\377\0002\000.\0001\000.\0003\000.\0004\000\040\000n\000o\000m\000e\000\137\000a\000r\000q\000\050\000\051}{subsection.2.1.3}% 21
\BOOKMARK [3][-]{subsubsection.2.1.3.5}{\376\377\0002\000.\0001\000.\0003\000.\0005\000\040\000v\000e\000r\000i\000f\000i\000c\000a\000r\000\050\000\051}{subsection.2.1.3}% 22
\BOOKMARK [3][-]{subsubsection.2.1.3.6}{\376\377\0002\000.\0001\000.\0003\000.\0006\000\040\000v\000e\000r\000i\000f\000i\000c\000a\000r\000\040\000s\000e\000\040\000e\000x\000i\000s\000t\000e\000\040\000o\000\040\000a\000r\000q\000\040\000x\000m\000l\000,\000\040\000c\000a\000s\000o\000\040\000n\000\343\000o\000,\000\040\000r\000e\000t\000o\000r\000n\000a\000\040\0000\000\040\000j\000u\000n\000t\000o\000\040\000c\000o\000m\000\040\000u\000m\000a\000\040\000m\000e\000n\000s\000a\000g\000e\000m\000\040\000d\000e\000\040\000e\000r\000r\000o}{subsection.2.1.3}% 23
\BOOKMARK [0][-]{section*.3}{\376\377\000I\000n\000d\000e\000x}{}% 24
